05-Oct-21 15:25:24 - group_id is None: disabling auto-commit.
05-Oct-21 15:26:01 - group_id is None: disabling auto-commit.
12-Oct-21 14:01:41 - Found untraced functions such as lstm_cell_layer_call_and_return_conditional_losses, lstm_cell_layer_call_fn, lstm_cell_1_layer_call_and_return_conditional_losses, lstm_cell_1_layer_call_fn, lstm_cell_layer_call_fn while saving (showing 5 of 10). These functions will not be directly callable after loading.
28-Oct-21 11:15:00 - Found untraced functions such as lstm_cell_layer_call_fn, lstm_cell_layer_call_and_return_conditional_losses, lstm_cell_1_layer_call_fn, lstm_cell_1_layer_call_and_return_conditional_losses, lstm_cell_layer_call_fn while saving (showing 5 of 10). These functions will not be directly callable after loading.
28-Oct-21 11:37:43 - Found untraced functions such as lstm_cell_layer_call_and_return_conditional_losses, lstm_cell_layer_call_fn, lstm_cell_1_layer_call_and_return_conditional_losses, lstm_cell_1_layer_call_fn, lstm_cell_layer_call_fn while saving (showing 5 of 10). These functions will not be directly callable after loading.
<<<<<<< HEAD
28-Oct-21 11:42:53 - Found untraced functions such as lstm_cell_layer_call_fn, lstm_cell_layer_call_and_return_conditional_losses, lstm_cell_1_layer_call_fn, lstm_cell_1_layer_call_and_return_conditional_losses, lstm_cell_layer_call_fn while saving (showing 5 of 10). These functions will not be directly callable after loading.
29-Oct-21 12:02:17 - Found untraced functions such as lstm_cell_layer_call_and_return_conditional_losses, lstm_cell_layer_call_fn, lstm_cell_1_layer_call_and_return_conditional_losses, lstm_cell_1_layer_call_fn, lstm_cell_layer_call_fn while saving (showing 5 of 10). These functions will not be directly callable after loading.
29-Oct-21 15:29:49 - Found untraced functions such as lstm_cell_layer_call_fn, lstm_cell_layer_call_and_return_conditional_losses, lstm_cell_1_layer_call_fn, lstm_cell_1_layer_call_and_return_conditional_losses, lstm_cell_layer_call_fn while saving (showing 5 of 10). These functions will not be directly callable after loading.
29-Oct-21 15:30:00 - Error sending request data to <BrokerConnection node_id=bootstrap-0 host=localhost:9092 <connected> [IPv6 ('::1', 9092, 0, 0)]>
Traceback (most recent call last):
  File "C:\Users\Utilizador\AppData\Local\Programs\Python\Python39\lib\site-packages\kafka\conn.py", line 1029, in send_pending_requests_v2
    total_bytes = self._send_bytes(self._send_buffer)
  File "C:\Users\Utilizador\AppData\Local\Programs\Python\Python39\lib\site-packages\kafka\conn.py", line 582, in _send_bytes
    sent_bytes = self._sock.send(data[total_sent:])
ConnectionAbortedError: [WinError 10053] Uma ligação estabelecida foi anulada pelo software no computador anfitrião
29-Oct-21 15:30:00 - Error sending GroupCoordinatorRequest_v0 to node bootstrap-0 [KafkaConnectionError: <BrokerConnection node_id=bootstrap-0 host=localhost:9092 <connected> [IPv6 ('::1', 9092, 0, 0)]>: [WinError 10053] Uma ligação estabelecida foi anulada pelo software no computador anfitrião]
29-Oct-21 15:51:10 - Found untraced functions such as lstm_cell_layer_call_fn, lstm_cell_layer_call_and_return_conditional_losses, lstm_cell_1_layer_call_fn, lstm_cell_1_layer_call_and_return_conditional_losses, lstm_cell_layer_call_fn while saving (showing 5 of 10). These functions will not be directly callable after loading.
29-Oct-21 15:51:20 - Error sending request data to <BrokerConnection node_id=bootstrap-0 host=localhost:9092 <connected> [IPv6 ('::1', 9092, 0, 0)]>
Traceback (most recent call last):
  File "C:\Users\Utilizador\AppData\Local\Programs\Python\Python39\lib\site-packages\kafka\conn.py", line 1029, in send_pending_requests_v2
    total_bytes = self._send_bytes(self._send_buffer)
  File "C:\Users\Utilizador\AppData\Local\Programs\Python\Python39\lib\site-packages\kafka\conn.py", line 582, in _send_bytes
    sent_bytes = self._sock.send(data[total_sent:])
ConnectionAbortedError: [WinError 10053] Uma ligação estabelecida foi anulada pelo software no computador anfitrião
29-Oct-21 15:51:20 - Error sending GroupCoordinatorRequest_v0 to node bootstrap-0 [KafkaConnectionError: <BrokerConnection node_id=bootstrap-0 host=localhost:9092 <connected> [IPv6 ('::1', 9092, 0, 0)]>: [WinError 10053] Uma ligação estabelecida foi anulada pelo software no computador anfitrião]
29-Oct-21 15:51:20 - Model was constructed with shape (None, 24, 1) for input KerasTensor(type_spec=TensorSpec(shape=(None, 24, 1), dtype=tf.float32, name='masking_input'), name='masking_input', description="created by layer 'masking_input'"), but it was called on an input with incompatible shape (None, 1, 1).
29-Oct-21 16:01:36 - Found untraced functions such as lstm_cell_layer_call_and_return_conditional_losses, lstm_cell_layer_call_fn, lstm_cell_1_layer_call_and_return_conditional_losses, lstm_cell_1_layer_call_fn, lstm_cell_layer_call_fn while saving (showing 5 of 10). These functions will not be directly callable after loading.
29-Oct-21 16:01:47 - Model was constructed with shape (None, 24, 1) for input KerasTensor(type_spec=TensorSpec(shape=(None, 24, 1), dtype=tf.float32, name='masking_input'), name='masking_input', description="created by layer 'masking_input'"), but it was called on an input with incompatible shape (None, 1, 1).
29-Oct-21 16:08:01 - Found untraced functions such as lstm_cell_layer_call_fn, lstm_cell_layer_call_and_return_conditional_losses, lstm_cell_1_layer_call_fn, lstm_cell_1_layer_call_and_return_conditional_losses, lstm_cell_layer_call_fn while saving (showing 5 of 10). These functions will not be directly callable after loading.
29-Oct-21 16:09:40 - Found untraced functions such as lstm_cell_layer_call_and_return_conditional_losses, lstm_cell_layer_call_fn, lstm_cell_1_layer_call_and_return_conditional_losses, lstm_cell_1_layer_call_fn, lstm_cell_layer_call_fn while saving (showing 5 of 10). These functions will not be directly callable after loading.
29-Oct-21 16:09:51 - Model was constructed with shape (None, 24, 1) for input KerasTensor(type_spec=TensorSpec(shape=(None, 24, 1), dtype=tf.float32, name='masking_input'), name='masking_input', description="created by layer 'masking_input'"), but it was called on an input with incompatible shape (None, 1, 1).
29-Oct-21 16:25:56 - Found untraced functions such as lstm_cell_layer_call_fn, lstm_cell_layer_call_and_return_conditional_losses, lstm_cell_1_layer_call_fn, lstm_cell_1_layer_call_and_return_conditional_losses, lstm_cell_layer_call_fn while saving (showing 5 of 10). These functions will not be directly callable after loading.
29-Oct-21 16:26:07 - Model was constructed with shape (None, 24, 1) for input KerasTensor(type_spec=TensorSpec(shape=(None, 24, 1), dtype=tf.float32, name='masking_input'), name='masking_input', description="created by layer 'masking_input'"), but it was called on an input with incompatible shape (None, 1, 1).
29-Oct-21 16:31:54 - Found untraced functions such as lstm_cell_layer_call_fn, lstm_cell_layer_call_and_return_conditional_losses, lstm_cell_1_layer_call_fn, lstm_cell_1_layer_call_and_return_conditional_losses, lstm_cell_layer_call_fn while saving (showing 5 of 10). These functions will not be directly callable after loading.
29-Oct-21 16:50:41 - Found untraced functions such as lstm_cell_layer_call_and_return_conditional_losses, lstm_cell_layer_call_fn, lstm_cell_1_layer_call_and_return_conditional_losses, lstm_cell_1_layer_call_fn, lstm_cell_layer_call_fn while saving (showing 5 of 10). These functions will not be directly callable after loading.
29-Oct-21 17:35:24 - Found untraced functions such as lstm_cell_layer_call_fn, lstm_cell_layer_call_and_return_conditional_losses, lstm_cell_1_layer_call_fn, lstm_cell_1_layer_call_and_return_conditional_losses, lstm_cell_layer_call_fn while saving (showing 5 of 10). These functions will not be directly callable after loading.
29-Oct-21 18:07:36 - Found untraced functions such as lstm_cell_layer_call_fn, lstm_cell_layer_call_and_return_conditional_losses, lstm_cell_1_layer_call_fn, lstm_cell_1_layer_call_and_return_conditional_losses, lstm_cell_layer_call_fn while saving (showing 5 of 10). These functions will not be directly callable after loading.
29-Oct-21 18:13:00 - Found untraced functions such as lstm_cell_layer_call_fn, lstm_cell_layer_call_and_return_conditional_losses, lstm_cell_1_layer_call_fn, lstm_cell_1_layer_call_and_return_conditional_losses, lstm_cell_layer_call_fn while saving (showing 5 of 10). These functions will not be directly callable after loading.
29-Oct-21 18:28:52 - Found untraced functions such as lstm_cell_layer_call_and_return_conditional_losses, lstm_cell_layer_call_fn, lstm_cell_1_layer_call_and_return_conditional_losses, lstm_cell_1_layer_call_fn, lstm_cell_layer_call_fn while saving (showing 5 of 10). These functions will not be directly callable after loading.
29-Oct-21 18:38:12 - Found untraced functions such as lstm_cell_layer_call_and_return_conditional_losses, lstm_cell_layer_call_fn, lstm_cell_1_layer_call_and_return_conditional_losses, lstm_cell_1_layer_call_fn, lstm_cell_layer_call_fn while saving (showing 5 of 10). These functions will not be directly callable after loading.
29-Oct-21 18:40:44 - Found untraced functions such as lstm_cell_layer_call_fn, lstm_cell_layer_call_and_return_conditional_losses, lstm_cell_1_layer_call_fn, lstm_cell_1_layer_call_and_return_conditional_losses, lstm_cell_layer_call_fn while saving (showing 5 of 10). These functions will not be directly callable after loading.
30-Oct-21 12:07:05 - Found untraced functions such as lstm_cell_layer_call_fn, lstm_cell_layer_call_and_return_conditional_losses, lstm_cell_1_layer_call_fn, lstm_cell_1_layer_call_and_return_conditional_losses, lstm_cell_layer_call_fn while saving (showing 5 of 10). These functions will not be directly callable after loading.
30-Oct-21 12:11:18 - Found untraced functions such as lstm_cell_layer_call_fn, lstm_cell_layer_call_and_return_conditional_losses, lstm_cell_1_layer_call_fn, lstm_cell_1_layer_call_and_return_conditional_losses, lstm_cell_layer_call_fn while saving (showing 5 of 10). These functions will not be directly callable after loading.
30-Oct-21 12:17:18 - Found untraced functions such as lstm_cell_layer_call_fn, lstm_cell_layer_call_and_return_conditional_losses, lstm_cell_1_layer_call_fn, lstm_cell_1_layer_call_and_return_conditional_losses, lstm_cell_layer_call_fn while saving (showing 5 of 10). These functions will not be directly callable after loading.
30-Oct-21 12:44:18 - Found untraced functions such as lstm_cell_layer_call_fn, lstm_cell_layer_call_and_return_conditional_losses, lstm_cell_1_layer_call_fn, lstm_cell_1_layer_call_and_return_conditional_losses, lstm_cell_layer_call_fn while saving (showing 5 of 10). These functions will not be directly callable after loading.
=======
29-Oct-21 12:40:16 - Found untraced functions such as lstm_cell_layer_call_and_return_conditional_losses, lstm_cell_layer_call_fn, lstm_cell_1_layer_call_and_return_conditional_losses, lstm_cell_1_layer_call_fn, lstm_cell_layer_call_fn while saving (showing 5 of 10). These functions will not be directly callable after loading.
29-Oct-21 12:40:16 - Found untraced functions such as lstm_cell_layer_call_and_return_conditional_losses, lstm_cell_layer_call_fn, lstm_cell_1_layer_call_and_return_conditional_losses, lstm_cell_1_layer_call_fn, lstm_cell_layer_call_fn while saving (showing 5 of 10). These functions will not be directly callable after loading.
>>>>>>> bb90bcae152c9dd53204c359ed50fe9cadcaca3c
01-Nov-21 20:33:32 - Found untraced functions such as lstm_cell_layer_call_and_return_conditional_losses, lstm_cell_layer_call_fn, lstm_cell_1_layer_call_and_return_conditional_losses, lstm_cell_1_layer_call_fn, lstm_cell_layer_call_fn while saving (showing 5 of 10). These functions will not be directly callable after loading.
01-Nov-21 20:39:09 - Found untraced functions such as lstm_cell_layer_call_and_return_conditional_losses, lstm_cell_layer_call_fn, lstm_cell_1_layer_call_and_return_conditional_losses, lstm_cell_1_layer_call_fn, lstm_cell_layer_call_fn while saving (showing 5 of 10). These functions will not be directly callable after loading.
01-Nov-21 21:09:14 - Found untraced functions such as lstm_cell_layer_call_fn, lstm_cell_layer_call_and_return_conditional_losses, lstm_cell_1_layer_call_fn, lstm_cell_1_layer_call_and_return_conditional_losses, lstm_cell_layer_call_fn while saving (showing 5 of 10). These functions will not be directly callable after loading.
01-Nov-21 21:14:35 - Found untraced functions such as lstm_cell_layer_call_and_return_conditional_losses, lstm_cell_layer_call_fn, lstm_cell_1_layer_call_and_return_conditional_losses, lstm_cell_1_layer_call_fn, lstm_cell_layer_call_fn while saving (showing 5 of 10). These functions will not be directly callable after loading.
01-Nov-21 21:18:20 - Found untraced functions such as lstm_cell_layer_call_and_return_conditional_losses, lstm_cell_layer_call_fn, lstm_cell_1_layer_call_and_return_conditional_losses, lstm_cell_1_layer_call_fn, lstm_cell_layer_call_fn while saving (showing 5 of 10). These functions will not be directly callable after loading.
01-Nov-21 21:19:58 - Found untraced functions such as lstm_cell_layer_call_fn, lstm_cell_layer_call_and_return_conditional_losses, lstm_cell_1_layer_call_fn, lstm_cell_1_layer_call_and_return_conditional_losses, lstm_cell_layer_call_fn while saving (showing 5 of 10). These functions will not be directly callable after loading.
01-Nov-21 21:22:09 - Found untraced functions such as lstm_cell_layer_call_fn, lstm_cell_layer_call_and_return_conditional_losses, lstm_cell_1_layer_call_fn, lstm_cell_1_layer_call_and_return_conditional_losses, lstm_cell_layer_call_fn while saving (showing 5 of 10). These functions will not be directly callable after loading.
01-Nov-21 21:24:43 - Found untraced functions such as lstm_cell_layer_call_fn, lstm_cell_layer_call_and_return_conditional_losses, lstm_cell_1_layer_call_fn, lstm_cell_1_layer_call_and_return_conditional_losses, lstm_cell_layer_call_fn while saving (showing 5 of 10). These functions will not be directly callable after loading.
01-Nov-21 21:24:56 - No partition metadata for topic input_topic
01-Nov-21 21:26:01 - Found untraced functions such as lstm_cell_layer_call_fn, lstm_cell_layer_call_and_return_conditional_losses, lstm_cell_1_layer_call_fn, lstm_cell_1_layer_call_and_return_conditional_losses, lstm_cell_layer_call_fn while saving (showing 5 of 10). These functions will not be directly callable after loading.
01-Nov-21 21:27:40 - Found untraced functions such as lstm_cell_layer_call_and_return_conditional_losses, lstm_cell_layer_call_fn, lstm_cell_1_layer_call_and_return_conditional_losses, lstm_cell_1_layer_call_fn, lstm_cell_layer_call_fn while saving (showing 5 of 10). These functions will not be directly callable after loading.
01-Nov-21 21:29:04 - Found untraced functions such as lstm_cell_layer_call_and_return_conditional_losses, lstm_cell_layer_call_fn, lstm_cell_1_layer_call_and_return_conditional_losses, lstm_cell_1_layer_call_fn, lstm_cell_layer_call_fn while saving (showing 5 of 10). These functions will not be directly callable after loading.
01-Nov-21 21:32:35 - Found untraced functions such as lstm_cell_layer_call_fn, lstm_cell_layer_call_and_return_conditional_losses, lstm_cell_1_layer_call_fn, lstm_cell_1_layer_call_and_return_conditional_losses, lstm_cell_layer_call_fn while saving (showing 5 of 10). These functions will not be directly callable after loading.
01-Nov-21 21:35:37 - Found untraced functions such as lstm_cell_layer_call_fn, lstm_cell_layer_call_and_return_conditional_losses, lstm_cell_1_layer_call_fn, lstm_cell_1_layer_call_and_return_conditional_losses, lstm_cell_layer_call_fn while saving (showing 5 of 10). These functions will not be directly callable after loading.
01-Nov-21 21:36:58 - <BrokerConnection node_id=0 host=DESKTOP-GAI8M57.home:9092 <connected> [IPv4 ('192.168.1.122', 9092)]>: Error receiving network data closing socket
Traceback (most recent call last):
  File "C:\Users\Utilizador\AppData\Local\Programs\Python\Python39\lib\site-packages\kafka\conn.py", line 1090, in _recv
    data = self._sock.recv(self.config['sock_chunk_bytes'])
ConnectionResetError: [WinError 10054] Uma ligação existente foi forçada a fechar pelo anfitrião remoto
01-Nov-21 21:36:58 - Node 0 connection failed -- refreshing metadata
01-Nov-21 21:36:58 - Node 0 connection failed -- refreshing metadata
01-Nov-21 21:36:58 - Fetch to node 0 failed: KafkaConnectionError: [WinError 10054] Uma ligação existente foi forçada a fechar pelo anfitrião remoto
01-Nov-21 21:36:58 - Node coordinator-0 connection failed -- refreshing metadata
01-Nov-21 21:36:58 - Marking the coordinator dead (node coordinator-0) for group my-group: Node Disconnected.
01-Nov-21 21:37:28 - Connection attempt to <BrokerConnection node_id=0 host=DESKTOP-GAI8M57.home:9092 <connecting> [IPv4 ('192.168.1.122', 9092)]> timed out
01-Nov-21 21:37:28 - Node 0 connection failed -- refreshing metadata
01-Nov-21 21:37:58 - Connection attempt to <BrokerConnection node_id=0 host=DESKTOP-GAI8M57.home:9092 <connecting> [IPv4 ('192.168.1.122', 9092)]> timed out
01-Nov-21 21:37:58 - Node 0 connection failed -- refreshing metadata
01-Nov-21 21:38:28 - Connection attempt to <BrokerConnection node_id=0 host=DESKTOP-GAI8M57.home:9092 <connecting> [IPv4 ('192.168.1.122', 9092)]> timed out
01-Nov-21 21:38:28 - Node 0 connection failed -- refreshing metadata
01-Nov-21 21:41:18 - Found untraced functions such as lstm_cell_layer_call_fn, lstm_cell_layer_call_and_return_conditional_losses, lstm_cell_1_layer_call_fn, lstm_cell_1_layer_call_and_return_conditional_losses, lstm_cell_layer_call_fn while saving (showing 5 of 10). These functions will not be directly callable after loading.
01-Nov-21 23:53:24 - Found untraced functions such as lstm_cell_layer_call_and_return_conditional_losses, lstm_cell_layer_call_fn, lstm_cell_1_layer_call_and_return_conditional_losses, lstm_cell_1_layer_call_fn, lstm_cell_layer_call_fn while saving (showing 5 of 10). These functions will not be directly callable after loading.
01-Nov-21 23:54:01 - Node 0 connection failed -- refreshing metadata
01-Nov-21 23:54:01 - Node coordinator-0 connection failed -- refreshing metadata
01-Nov-21 23:54:01 - Marking the coordinator dead (node coordinator-0) for group my-group: Node Disconnected.
01-Nov-21 23:54:01 - Error sending request data to <BrokerConnection node_id=0 host=DESKTOP-GAI8M57.home:9092 <connected> [IPv4 ('192.168.1.122', 9092)]>
Traceback (most recent call last):
  File "C:\Users\Utilizador\AppData\Local\Programs\Python\Python39\lib\site-packages\kafka\conn.py", line 1029, in send_pending_requests_v2
    total_bytes = self._send_bytes(self._send_buffer)
  File "C:\Users\Utilizador\AppData\Local\Programs\Python\Python39\lib\site-packages\kafka\conn.py", line 582, in _send_bytes
    sent_bytes = self._sock.send(data[total_sent:])
ConnectionResetError: [WinError 10054] Uma ligação existente foi forçada a fechar pelo anfitrião remoto
01-Nov-21 23:54:01 - Node 0 connection failed -- refreshing metadata
01-Nov-21 23:54:01 - Fetch to node 0 failed: KafkaConnectionError: <BrokerConnection node_id=0 host=DESKTOP-GAI8M57.home:9092 <connected> [IPv4 ('192.168.1.122', 9092)]>: [WinError 10054] Uma ligação existente foi forçada a fechar pelo anfitrião remoto
01-Nov-21 23:54:01 - Error sending GroupCoordinatorRequest_v0 to node 0 [KafkaConnectionError: <BrokerConnection node_id=0 host=DESKTOP-GAI8M57.home:9092 <connected> [IPv4 ('192.168.1.122', 9092)]>: [WinError 10054] Uma ligação existente foi forçada a fechar pelo anfitrião remoto]
02-Nov-21 11:37:35 - Found untraced functions such as lstm_cell_layer_call_fn, lstm_cell_layer_call_and_return_conditional_losses, lstm_cell_1_layer_call_fn, lstm_cell_1_layer_call_and_return_conditional_losses, lstm_cell_layer_call_fn while saving (showing 5 of 10). These functions will not be directly callable after loading.
